{"/Users/ra/app/FIN1/admin-portal/src/api/parse.ts": {"path":"/Users/ra/app/FIN1/admin-portal/src/api/parse.ts","statementMap":{"0":{"start":{"line":3,"column":21},"end":{"line":3,"column":null}},"1":{"start":{"line":4,"column":25},"end":{"line":4,"column":null}},"2":{"start":{"line":7,"column":20},"end":{"line":7,"column":null}},"3":{"start":{"line":8,"column":17},"end":{"line":8,"column":null}},"4":{"start":{"line":14,"column":2},"end":{"line":17,"column":null}},"5":{"start":{"line":29,"column":42},"end":{"line":32,"column":null}},"6":{"start":{"line":34,"column":2},"end":{"line":36,"column":null}},"7":{"start":{"line":35,"column":4},"end":{"line":35,"column":null}},"8":{"start":{"line":38,"column":19},"end":{"line":42,"column":null}},"9":{"start":{"line":44,"column":17},"end":{"line":44,"column":null}},"10":{"start":{"line":46,"column":2},"end":{"line":48,"column":null}},"11":{"start":{"line":47,"column":4},"end":{"line":47,"column":null}},"12":{"start":{"line":50,"column":2},"end":{"line":50,"column":null}},"13":{"start":{"line":57,"column":2},"end":{"line":57,"column":null}},"14":{"start":{"line":64,"column":2},"end":{"line":64,"column":null}},"15":{"start":{"line":65,"column":2},"end":{"line":65,"column":null}},"16":{"start":{"line":72,"column":2},"end":{"line":72,"column":null}},"17":{"start":{"line":73,"column":2},"end":{"line":73,"column":null}},"18":{"start":{"line":80,"column":18},"end":{"line":80,"column":null}},"19":{"start":{"line":81,"column":2},"end":{"line":81,"column":null}},"20":{"start":{"line":81,"column":16},"end":{"line":81,"column":null}},"21":{"start":{"line":83,"column":2},"end":{"line":87,"column":null}},"22":{"start":{"line":84,"column":4},"end":{"line":84,"column":null}},"23":{"start":{"line":86,"column":4},"end":{"line":86,"column":null}},"24":{"start":{"line":94,"column":23},"end":{"line":94,"column":null}},"25":{"start":{"line":95,"column":2},"end":{"line":95,"column":null}},"26":{"start":{"line":95,"column":21},"end":{"line":95,"column":null}},"27":{"start":{"line":97,"column":2},"end":{"line":105,"column":null}},"28":{"start":{"line":98,"column":17},"end":{"line":98,"column":null}},"29":{"start":{"line":99,"column":4},"end":{"line":99,"column":null}},"30":{"start":{"line":100,"column":4},"end":{"line":100,"column":null}},"31":{"start":{"line":102,"column":4},"end":{"line":102,"column":null}},"32":{"start":{"line":103,"column":4},"end":{"line":103,"column":null}},"33":{"start":{"line":104,"column":4},"end":{"line":104,"column":null}},"34":{"start":{"line":112,"column":17},"end":{"line":115,"column":null}},"35":{"start":{"line":117,"column":2},"end":{"line":117,"column":null}},"36":{"start":{"line":118,"column":2},"end":{"line":118,"column":null}},"37":{"start":{"line":125,"column":23},"end":{"line":125,"column":null}},"38":{"start":{"line":127,"column":2},"end":{"line":133,"column":null}},"39":{"start":{"line":128,"column":4},"end":{"line":132,"column":null}},"40":{"start":{"line":129,"column":6},"end":{"line":129,"column":null}},"41":{"start":{"line":131,"column":6},"end":{"line":131,"column":null}},"42":{"start":{"line":135,"column":2},"end":{"line":135,"column":null}},"43":{"start":{"line":142,"column":23},"end":{"line":142,"column":null}},"44":{"start":{"line":143,"column":2},"end":{"line":148,"column":null}},"45":{"start":{"line":155,"column":23},"end":{"line":155,"column":null}},"46":{"start":{"line":156,"column":2},"end":{"line":161,"column":null}},"47":{"start":{"line":168,"column":23},"end":{"line":168,"column":null}},"48":{"start":{"line":169,"column":2},"end":{"line":174,"column":null}},"49":{"start":{"line":181,"column":23},"end":{"line":181,"column":null}},"50":{"start":{"line":182,"column":17},"end":{"line":187,"column":null}},"51":{"start":{"line":188,"column":2},"end":{"line":188,"column":null}},"52":{"start":{"line":192,"column":21},"end":{"line":196,"column":null}}},"fnMap":{"0":{"name":"initializeParse","decl":{"start":{"line":13,"column":16},"end":{"line":13,"column":40}},"loc":{"start":{"line":13,"column":40},"end":{"line":18,"column":null}},"line":13},"1":{"name":"parseRequest","decl":{"start":{"line":23,"column":15},"end":{"line":23,"column":null}},"loc":{"start":{"line":28,"column":14},"end":{"line":51,"column":null}},"line":28},"2":{"name":"getSessionToken","decl":{"start":{"line":56,"column":9},"end":{"line":56,"column":42}},"loc":{"start":{"line":56,"column":42},"end":{"line":58,"column":null}},"line":56},"3":{"name":"storeSession","decl":{"start":{"line":63,"column":9},"end":{"line":63,"column":22}},"loc":{"start":{"line":63,"column":61},"end":{"line":66,"column":null}},"line":63},"4":{"name":"clearSession","decl":{"start":{"line":71,"column":9},"end":{"line":71,"column":30}},"loc":{"start":{"line":71,"column":30},"end":{"line":74,"column":null}},"line":71},"5":{"name":"getCurrentUser","decl":{"start":{"line":79,"column":16},"end":{"line":79,"column":45}},"loc":{"start":{"line":79,"column":45},"end":{"line":88,"column":null}},"line":79},"6":{"name":"validateSession","decl":{"start":{"line":93,"column":22},"end":{"line":93,"column":61}},"loc":{"start":{"line":93,"column":61},"end":{"line":106,"column":null}},"line":93},"7":{"name":"login","decl":{"start":{"line":111,"column":22},"end":{"line":111,"column":28}},"loc":{"start":{"line":111,"column":75},"end":{"line":119,"column":null}},"line":111},"8":{"name":"logout","decl":{"start":{"line":124,"column":22},"end":{"line":124,"column":46}},"loc":{"start":{"line":124,"column":46},"end":{"line":136,"column":null}},"line":124},"9":{"name":"verify2FA","decl":{"start":{"line":141,"column":22},"end":{"line":141,"column":32}},"loc":{"start":{"line":141,"column":78},"end":{"line":149,"column":null}},"line":141},"10":{"name":"setup2FA","decl":{"start":{"line":154,"column":22},"end":{"line":154,"column":81}},"loc":{"start":{"line":154,"column":81},"end":{"line":162,"column":null}},"line":154},"11":{"name":"enable2FA","decl":{"start":{"line":167,"column":22},"end":{"line":167,"column":32}},"loc":{"start":{"line":167,"column":100},"end":{"line":175,"column":null}},"line":167},"12":{"name":"cloudFunction","decl":{"start":{"line":180,"column":22},"end":{"line":180,"column":39}},"loc":{"start":{"line":180,"column":99},"end":{"line":189,"column":null}},"line":180}},"branchMap":{"0":{"loc":{"start":{"line":3,"column":21},"end":{"line":3,"column":null}},"type":"binary-expr","locations":[{"start":{"line":3,"column":21},"end":{"line":3,"column":58}},{"start":{"line":3,"column":58},"end":{"line":3,"column":null}}],"line":3},"1":{"loc":{"start":{"line":4,"column":25},"end":{"line":4,"column":null}},"type":"binary-expr","locations":[{"start":{"line":4,"column":25},"end":{"line":4,"column":66}},{"start":{"line":4,"column":66},"end":{"line":4,"column":null}}],"line":4},"2":{"loc":{"start":{"line":34,"column":2},"end":{"line":36,"column":null}},"type":"if","locations":[{"start":{"line":34,"column":2},"end":{"line":36,"column":null}},{"start":{},"end":{}}],"line":34},"3":{"loc":{"start":{"line":41,"column":10},"end":{"line":41,"column":null}},"type":"cond-expr","locations":[{"start":{"line":41,"column":17},"end":{"line":41,"column":40}},{"start":{"line":41,"column":40},"end":{"line":41,"column":null}}],"line":41},"4":{"loc":{"start":{"line":46,"column":2},"end":{"line":48,"column":null}},"type":"if","locations":[{"start":{"line":46,"column":2},"end":{"line":48,"column":null}},{"start":{},"end":{}}],"line":46},"5":{"loc":{"start":{"line":47,"column":20},"end":{"line":47,"column":52}},"type":"binary-expr","locations":[{"start":{"line":47,"column":20},"end":{"line":47,"column":36}},{"start":{"line":47,"column":36},"end":{"line":47,"column":52}}],"line":47},"6":{"loc":{"start":{"line":81,"column":2},"end":{"line":81,"column":null}},"type":"if","locations":[{"start":{"line":81,"column":2},"end":{"line":81,"column":null}},{"start":{},"end":{}}],"line":81},"7":{"loc":{"start":{"line":95,"column":2},"end":{"line":95,"column":null}},"type":"if","locations":[{"start":{"line":95,"column":2},"end":{"line":95,"column":null}},{"start":{},"end":{}}],"line":95},"8":{"loc":{"start":{"line":127,"column":2},"end":{"line":133,"column":null}},"type":"if","locations":[{"start":{"line":127,"column":2},"end":{"line":133,"column":null}},{"start":{},"end":{}}],"line":127},"9":{"loc":{"start":{"line":147,"column":4},"end":{"line":147,"column":null}},"type":"binary-expr","locations":[{"start":{"line":147,"column":4},"end":{"line":147,"column":20}},{"start":{"line":147,"column":20},"end":{"line":147,"column":null}}],"line":147},"10":{"loc":{"start":{"line":160,"column":4},"end":{"line":160,"column":null}},"type":"binary-expr","locations":[{"start":{"line":160,"column":4},"end":{"line":160,"column":20}},{"start":{"line":160,"column":20},"end":{"line":160,"column":null}}],"line":160},"11":{"loc":{"start":{"line":173,"column":4},"end":{"line":173,"column":null}},"type":"binary-expr","locations":[{"start":{"line":173,"column":4},"end":{"line":173,"column":20}},{"start":{"line":173,"column":20},"end":{"line":173,"column":null}}],"line":173},"12":{"loc":{"start":{"line":185,"column":4},"end":{"line":185,"column":null}},"type":"binary-expr","locations":[{"start":{"line":185,"column":4},"end":{"line":185,"column":14}},{"start":{"line":185,"column":14},"end":{"line":185,"column":null}}],"line":185},"13":{"loc":{"start":{"line":186,"column":4},"end":{"line":186,"column":null}},"type":"binary-expr","locations":[{"start":{"line":186,"column":4},"end":{"line":186,"column":20}},{"start":{"line":186,"column":20},"end":{"line":186,"column":null}}],"line":186}},"s":{"0":1,"1":1,"2":1,"3":1,"4":0,"5":13,"6":13,"7":9,"8":13,"9":12,"10":12,"11":2,"12":10,"13":11,"14":4,"15":4,"16":4,"17":4,"18":3,"19":3,"20":1,"21":2,"22":2,"23":1,"24":3,"25":3,"26":1,"27":2,"28":2,"29":1,"30":1,"31":1,"32":1,"33":1,"34":4,"35":3,"36":3,"37":3,"38":3,"39":2,"40":2,"41":1,"42":3,"43":1,"44":1,"45":1,"46":1,"47":1,"48":1,"49":2,"50":2,"51":2,"52":1},"f":{"0":0,"1":13,"2":11,"3":4,"4":4,"5":3,"6":3,"7":4,"8":3,"9":1,"10":1,"11":1,"12":2},"b":{"0":[1,1],"1":[1,1],"2":[9,4],"3":[9,4],"4":[2,10],"5":[2,0],"6":[1,2],"7":[1,2],"8":[2,1],"9":[1,0],"10":[1,0],"11":[1,0],"12":[2,1],"13":[2,0]},"meta":{"lastBranch":14,"lastFunction":13,"lastStatement":53,"seen":{"s:3:21:3:Infinity":0,"b:3:21:3:58:3:58:3:Infinity":0,"s:4:25:4:Infinity":1,"b:4:25:4:66:4:66:4:Infinity":1,"s:7:20:7:Infinity":2,"s:8:17:8:Infinity":3,"f:13:16:13:40":0,"s:14:2:17:Infinity":4,"f:23:15:23:Infinity":1,"s:29:42:32:Infinity":5,"b:34:2:36:Infinity:undefined:undefined:undefined:undefined":2,"s:34:2:36:Infinity":6,"s:35:4:35:Infinity":7,"s:38:19:42:Infinity":8,"b:41:17:41:40:41:40:41:Infinity":3,"s:44:17:44:Infinity":9,"b:46:2:48:Infinity:undefined:undefined:undefined:undefined":4,"s:46:2:48:Infinity":10,"s:47:4:47:Infinity":11,"b:47:20:47:36:47:36:47:52":5,"s:50:2:50:Infinity":12,"f:56:9:56:42":2,"s:57:2:57:Infinity":13,"f:63:9:63:22":3,"s:64:2:64:Infinity":14,"s:65:2:65:Infinity":15,"f:71:9:71:30":4,"s:72:2:72:Infinity":16,"s:73:2:73:Infinity":17,"f:79:16:79:45":5,"s:80:18:80:Infinity":18,"b:81:2:81:Infinity:undefined:undefined:undefined:undefined":6,"s:81:2:81:Infinity":19,"s:81:16:81:Infinity":20,"s:83:2:87:Infinity":21,"s:84:4:84:Infinity":22,"s:86:4:86:Infinity":23,"f:93:22:93:61":6,"s:94:23:94:Infinity":24,"b:95:2:95:Infinity:undefined:undefined:undefined:undefined":7,"s:95:2:95:Infinity":25,"s:95:21:95:Infinity":26,"s:97:2:105:Infinity":27,"s:98:17:98:Infinity":28,"s:99:4:99:Infinity":29,"s:100:4:100:Infinity":30,"s:102:4:102:Infinity":31,"s:103:4:103:Infinity":32,"s:104:4:104:Infinity":33,"f:111:22:111:28":7,"s:112:17:115:Infinity":34,"s:117:2:117:Infinity":35,"s:118:2:118:Infinity":36,"f:124:22:124:46":8,"s:125:23:125:Infinity":37,"b:127:2:133:Infinity:undefined:undefined:undefined:undefined":8,"s:127:2:133:Infinity":38,"s:128:4:132:Infinity":39,"s:129:6:129:Infinity":40,"s:131:6:131:Infinity":41,"s:135:2:135:Infinity":42,"f:141:22:141:32":9,"s:142:23:142:Infinity":43,"s:143:2:148:Infinity":44,"b:147:4:147:20:147:20:147:Infinity":9,"f:154:22:154:81":10,"s:155:23:155:Infinity":45,"s:156:2:161:Infinity":46,"b:160:4:160:20:160:20:160:Infinity":10,"f:167:22:167:32":11,"s:168:23:168:Infinity":47,"s:169:2:174:Infinity":48,"b:173:4:173:20:173:20:173:Infinity":11,"f:180:22:180:39":12,"s:181:23:181:Infinity":49,"s:182:17:187:Infinity":50,"b:185:4:185:14:185:14:185:Infinity":12,"b:186:4:186:20:186:20:186:Infinity":13,"s:188:2:188:Infinity":51,"s:192:21:196:Infinity":52}}}
,"/Users/ra/app/FIN1/admin-portal/src/components/TwoFactorVerify.tsx": {"path":"/Users/ra/app/FIN1/admin-portal/src/components/TwoFactorVerify.tsx","statementMap":{"0":{"start":{"line":6,"column":49},"end":{"line":6,"column":null}},"1":{"start":{"line":7,"column":22},"end":{"line":7,"column":null}},"2":{"start":{"line":8,"column":24},"end":{"line":8,"column":null}},"3":{"start":{"line":9,"column":8},"end":{"line":9,"column":null}},"4":{"start":{"line":12,"column":2},"end":{"line":14,"column":null}},"5":{"start":{"line":13,"column":4},"end":{"line":13,"column":null}},"6":{"start":{"line":16,"column":23},"end":{"line":45,"column":null}},"7":{"start":{"line":18,"column":4},"end":{"line":18,"column":null}},"8":{"start":{"line":18,"column":39},"end":{"line":18,"column":null}},"9":{"start":{"line":20,"column":20},"end":{"line":20,"column":null}},"10":{"start":{"line":23,"column":4},"end":{"line":36,"column":null}},"11":{"start":{"line":24,"column":21},"end":{"line":24,"column":null}},"12":{"start":{"line":25,"column":6},"end":{"line":29,"column":null}},"13":{"start":{"line":26,"column":8},"end":{"line":28,"column":null}},"14":{"start":{"line":27,"column":10},"end":{"line":27,"column":null}},"15":{"start":{"line":30,"column":6},"end":{"line":30,"column":null}},"16":{"start":{"line":33,"column":24},"end":{"line":33,"column":null}},"17":{"start":{"line":34,"column":6},"end":{"line":34,"column":null}},"18":{"start":{"line":35,"column":6},"end":{"line":35,"column":null}},"19":{"start":{"line":38,"column":4},"end":{"line":38,"column":null}},"20":{"start":{"line":39,"column":4},"end":{"line":39,"column":null}},"21":{"start":{"line":42,"column":4},"end":{"line":44,"column":null}},"22":{"start":{"line":43,"column":6},"end":{"line":43,"column":null}},"23":{"start":{"line":47,"column":24},"end":{"line":51,"column":null}},"24":{"start":{"line":48,"column":4},"end":{"line":50,"column":null}},"25":{"start":{"line":49,"column":6},"end":{"line":49,"column":null}},"26":{"start":{"line":53,"column":23},"end":{"line":70,"column":null}},"27":{"start":{"line":54,"column":4},"end":{"line":54,"column":null}},"28":{"start":{"line":55,"column":4},"end":{"line":55,"column":null}},"29":{"start":{"line":57,"column":21},"end":{"line":57,"column":null}},"30":{"start":{"line":58,"column":4},"end":{"line":61,"column":null}},"31":{"start":{"line":59,"column":6},"end":{"line":59,"column":null}},"32":{"start":{"line":60,"column":6},"end":{"line":60,"column":null}},"33":{"start":{"line":63,"column":4},"end":{"line":69,"column":null}},"34":{"start":{"line":64,"column":6},"end":{"line":64,"column":null}},"35":{"start":{"line":66,"column":6},"end":{"line":66,"column":null}},"36":{"start":{"line":67,"column":6},"end":{"line":67,"column":null}},"37":{"start":{"line":68,"column":6},"end":{"line":68,"column":null}},"38":{"start":{"line":72,"column":23},"end":{"line":74,"column":null}},"39":{"start":{"line":73,"column":4},"end":{"line":73,"column":null}},"40":{"start":{"line":76,"column":2},"end":{"line":169,"column":null}},"41":{"start":{"line":110,"column":16},"end":{"line":120,"column":null}},"42":{"start":{"line":112,"column":32},"end":{"line":112,"column":null}},"43":{"start":{"line":117,"column":35},"end":{"line":117,"column":null}},"44":{"start":{"line":118,"column":36},"end":{"line":118,"column":null}},"45":{"start":{"line":136,"column":41},"end":{"line":136,"column":43}}},"fnMap":{"0":{"name":"TwoFactorVerify","decl":{"start":{"line":5,"column":16},"end":{"line":5,"column":34}},"loc":{"start":{"line":5,"column":34},"end":{"line":171,"column":null}},"line":5},"1":{"name":"(anonymous_1)","decl":{"start":{"line":12,"column":12},"end":{"line":12,"column":18}},"loc":{"start":{"line":12,"column":18},"end":{"line":14,"column":5}},"line":12},"2":{"name":"(anonymous_2)","decl":{"start":{"line":16,"column":23},"end":{"line":16,"column":24}},"loc":{"start":{"line":16,"column":57},"end":{"line":45,"column":null}},"line":16},"3":{"name":"(anonymous_3)","decl":{"start":{"line":25,"column":21},"end":{"line":25,"column":22}},"loc":{"start":{"line":25,"column":35},"end":{"line":29,"column":7}},"line":25},"4":{"name":"(anonymous_4)","decl":{"start":{"line":47,"column":24},"end":{"line":47,"column":25}},"loc":{"start":{"line":47,"column":67},"end":{"line":51,"column":null}},"line":47},"5":{"name":"(anonymous_5)","decl":{"start":{"line":53,"column":23},"end":{"line":53,"column":30}},"loc":{"start":{"line":53,"column":53},"end":{"line":70,"column":null}},"line":53},"6":{"name":"(anonymous_6)","decl":{"start":{"line":72,"column":23},"end":{"line":72,"column":35}},"loc":{"start":{"line":72,"column":35},"end":{"line":74,"column":null}},"line":72},"7":{"name":"(anonymous_7)","decl":{"start":{"line":109,"column":24},"end":{"line":109,"column":25}},"loc":{"start":{"line":110,"column":16},"end":{"line":120,"column":null}},"line":110},"8":{"name":"(anonymous_8)","decl":{"start":{"line":112,"column":23},"end":{"line":112,"column":24}},"loc":{"start":{"line":112,"column":32},"end":{"line":112,"column":null}},"line":112},"9":{"name":"(anonymous_9)","decl":{"start":{"line":117,"column":28},"end":{"line":117,"column":29}},"loc":{"start":{"line":117,"column":35},"end":{"line":117,"column":null}},"line":117},"10":{"name":"(anonymous_10)","decl":{"start":{"line":118,"column":29},"end":{"line":118,"column":30}},"loc":{"start":{"line":118,"column":36},"end":{"line":118,"column":null}},"line":118},"11":{"name":"(anonymous_11)","decl":{"start":{"line":136,"column":36},"end":{"line":136,"column":41}},"loc":{"start":{"line":136,"column":41},"end":{"line":136,"column":43}},"line":136}},"branchMap":{"0":{"loc":{"start":{"line":18,"column":4},"end":{"line":18,"column":null}},"type":"if","locations":[{"start":{"line":18,"column":4},"end":{"line":18,"column":null}},{"start":{},"end":{}}],"line":18},"1":{"loc":{"start":{"line":18,"column":8},"end":{"line":18,"column":39}},"type":"binary-expr","locations":[{"start":{"line":18,"column":8},"end":{"line":18,"column":17}},{"start":{"line":18,"column":17},"end":{"line":18,"column":39}}],"line":18},"2":{"loc":{"start":{"line":23,"column":4},"end":{"line":36,"column":null}},"type":"if","locations":[{"start":{"line":23,"column":4},"end":{"line":36,"column":null}},{"start":{},"end":{}}],"line":23},"3":{"loc":{"start":{"line":26,"column":8},"end":{"line":28,"column":null}},"type":"if","locations":[{"start":{"line":26,"column":8},"end":{"line":28,"column":null}},{"start":{},"end":{}}],"line":26},"4":{"loc":{"start":{"line":42,"column":4},"end":{"line":44,"column":null}},"type":"if","locations":[{"start":{"line":42,"column":4},"end":{"line":44,"column":null}},{"start":{},"end":{}}],"line":42},"5":{"loc":{"start":{"line":42,"column":8},"end":{"line":42,"column":28}},"type":"binary-expr","locations":[{"start":{"line":42,"column":8},"end":{"line":42,"column":17}},{"start":{"line":42,"column":17},"end":{"line":42,"column":28}}],"line":42},"6":{"loc":{"start":{"line":48,"column":4},"end":{"line":50,"column":null}},"type":"if","locations":[{"start":{"line":48,"column":4},"end":{"line":50,"column":null}},{"start":{},"end":{}}],"line":48},"7":{"loc":{"start":{"line":48,"column":8},"end":{"line":48,"column":60}},"type":"binary-expr","locations":[{"start":{"line":48,"column":8},"end":{"line":48,"column":33}},{"start":{"line":48,"column":33},"end":{"line":48,"column":49}},{"start":{"line":48,"column":49},"end":{"line":48,"column":60}}],"line":48},"8":{"loc":{"start":{"line":58,"column":4},"end":{"line":61,"column":null}},"type":"if","locations":[{"start":{"line":58,"column":4},"end":{"line":61,"column":null}},{"start":{},"end":{}}],"line":58},"9":{"loc":{"start":{"line":66,"column":15},"end":{"line":66,"column":69}},"type":"cond-expr","locations":[{"start":{"line":66,"column":38},"end":{"line":66,"column":52}},{"start":{"line":66,"column":52},"end":{"line":66,"column":69}}],"line":66},"10":{"loc":{"start":{"line":124,"column":13},"end":{"line":127,"column":null}},"type":"binary-expr","locations":[{"start":{"line":124,"column":13},"end":{"line":124,"column":null}},{"start":{"line":125,"column":14},"end":{"line":127,"column":null}}],"line":124},"11":{"loc":{"start":{"line":152,"column":11},"end":{"line":155,"column":null}},"type":"binary-expr","locations":[{"start":{"line":152,"column":11},"end":{"line":152,"column":null}},{"start":{"line":153,"column":12},"end":{"line":155,"column":null}}],"line":152}},"s":{"0":32,"1":32,"2":32,"3":32,"4":32,"5":18,"6":32,"7":11,"8":3,"9":8,"10":8,"11":6,"12":6,"13":33,"14":33,"15":6,"16":6,"17":6,"18":6,"19":2,"20":2,"21":2,"22":2,"23":32,"24":6,"25":1,"26":32,"27":4,"28":4,"29":4,"30":4,"31":1,"32":1,"33":3,"34":3,"35":2,"36":2,"37":2,"38":32,"39":1,"40":32,"41":192,"42":348,"43":11,"44":6,"45":80},"f":{"0":32,"1":18,"2":11,"3":33,"4":6,"5":4,"6":1,"7":192,"8":348,"9":11,"10":6,"11":80},"b":{"0":[3,8],"1":[11,11],"2":[6,2],"3":[33,0],"4":[2,0],"5":[2,2],"6":[1,5],"7":[6,1,1],"8":[1,3],"9":[2,0],"10":[32,3],"11":[32,32]},"meta":{"lastBranch":12,"lastFunction":12,"lastStatement":46,"seen":{"f:5:16:5:34":0,"s:6:49:6:Infinity":0,"s:7:22:7:Infinity":1,"s:8:24:8:Infinity":2,"s:9:8:9:Infinity":3,"s:12:2:14:Infinity":4,"f:12:12:12:18":1,"s:13:4:13:Infinity":5,"s:16:23:45:Infinity":6,"f:16:23:16:24":2,"b:18:4:18:Infinity:undefined:undefined:undefined:undefined":0,"s:18:4:18:Infinity":7,"b:18:8:18:17:18:17:18:39":1,"s:18:39:18:Infinity":8,"s:20:20:20:Infinity":9,"b:23:4:36:Infinity:undefined:undefined:undefined:undefined":2,"s:23:4:36:Infinity":10,"s:24:21:24:Infinity":11,"s:25:6:29:Infinity":12,"f:25:21:25:22":3,"b:26:8:28:Infinity:undefined:undefined:undefined:undefined":3,"s:26:8:28:Infinity":13,"s:27:10:27:Infinity":14,"s:30:6:30:Infinity":15,"s:33:24:33:Infinity":16,"s:34:6:34:Infinity":17,"s:35:6:35:Infinity":18,"s:38:4:38:Infinity":19,"s:39:4:39:Infinity":20,"b:42:4:44:Infinity:undefined:undefined:undefined:undefined":4,"s:42:4:44:Infinity":21,"b:42:8:42:17:42:17:42:28":5,"s:43:6:43:Infinity":22,"s:47:24:51:Infinity":23,"f:47:24:47:25":4,"b:48:4:50:Infinity:undefined:undefined:undefined:undefined":6,"s:48:4:50:Infinity":24,"b:48:8:48:33:48:33:48:49:48:49:48:60":7,"s:49:6:49:Infinity":25,"s:53:23:70:Infinity":26,"f:53:23:53:30":5,"s:54:4:54:Infinity":27,"s:55:4:55:Infinity":28,"s:57:21:57:Infinity":29,"b:58:4:61:Infinity:undefined:undefined:undefined:undefined":8,"s:58:4:61:Infinity":30,"s:59:6:59:Infinity":31,"s:60:6:60:Infinity":32,"s:63:4:69:Infinity":33,"s:64:6:64:Infinity":34,"s:66:6:66:Infinity":35,"b:66:38:66:52:66:52:66:69":9,"s:67:6:67:Infinity":36,"s:68:6:68:Infinity":37,"s:72:23:74:Infinity":38,"f:72:23:72:35":6,"s:73:4:73:Infinity":39,"s:76:2:169:Infinity":40,"f:109:24:109:25":7,"s:110:16:120:Infinity":41,"f:112:23:112:24":8,"s:112:32:112:Infinity":42,"f:117:28:117:29":9,"s:117:35:117:Infinity":43,"f:118:29:118:30":10,"s:118:36:118:Infinity":44,"b:124:13:124:Infinity:125:14:127:Infinity":10,"f:136:36:136:41":11,"s:136:41:136:43":45,"b:152:11:152:Infinity:153:12:155:Infinity":11}}}
,"/Users/ra/app/FIN1/admin-portal/src/components/ui/Badge.tsx": {"path":"/Users/ra/app/FIN1/admin-portal/src/components/ui/Badge.tsx","statementMap":{"0":{"start":{"line":17,"column":19},"end":{"line":23,"column":null}},"1":{"start":{"line":25,"column":16},"end":{"line":28,"column":null}},"2":{"start":{"line":30,"column":2},"end":{"line":38,"column":null}},"3":{"start":{"line":46,"column":91},"end":{"line":66,"column":null}},"4":{"start":{"line":68,"column":2},"end":{"line":68,"column":null}}},"fnMap":{"0":{"name":"Badge","decl":{"start":{"line":11,"column":16},"end":{"line":11,"column":22}},"loc":{"start":{"line":16,"column":15},"end":{"line":40,"column":null}},"line":16},"1":{"name":"getStatusVariant","decl":{"start":{"line":45,"column":16},"end":{"line":45,"column":33}},"loc":{"start":{"line":45,"column":104},"end":{"line":69,"column":null}},"line":45}},"branchMap":{"0":{"loc":{"start":{"line":13,"column":2},"end":{"line":13,"column":null}},"type":"default-arg","locations":[{"start":{"line":13,"column":12},"end":{"line":13,"column":null}}],"line":13},"1":{"loc":{"start":{"line":14,"column":2},"end":{"line":14,"column":null}},"type":"default-arg","locations":[{"start":{"line":14,"column":9},"end":{"line":14,"column":null}}],"line":14},"2":{"loc":{"start":{"line":68,"column":9},"end":{"line":68,"column":null}},"type":"binary-expr","locations":[{"start":{"line":68,"column":9},"end":{"line":68,"column":44}},{"start":{"line":68,"column":44},"end":{"line":68,"column":null}}],"line":68}},"s":{"0":65,"1":65,"2":65,"3":7,"4":7},"f":{"0":65,"1":7},"b":{"0":[65],"1":[65],"2":[7,1]},"meta":{"lastBranch":3,"lastFunction":2,"lastStatement":5,"seen":{"f:11:16:11:22":0,"b:13:12:13:Infinity":0,"b:14:9:14:Infinity":1,"s:17:19:23:Infinity":0,"s:25:16:28:Infinity":1,"s:30:2:38:Infinity":2,"f:45:16:45:33":1,"s:46:91:66:Infinity":3,"s:68:2:68:Infinity":4,"b:68:9:68:44:68:44:68:Infinity":2}}}
,"/Users/ra/app/FIN1/admin-portal/src/components/ui/Button.tsx": {"path":"/Users/ra/app/FIN1/admin-portal/src/components/ui/Button.tsx","statementMap":{"0":{"start":{"line":21,"column":21},"end":{"line":21,"column":null}},"1":{"start":{"line":23,"column":19},"end":{"line":29,"column":null}},"2":{"start":{"line":31,"column":16},"end":{"line":35,"column":null}},"3":{"start":{"line":37,"column":2},"end":{"line":52,"column":null}}},"fnMap":{"0":{"name":"Button","decl":{"start":{"line":11,"column":16},"end":{"line":11,"column":23}},"loc":{"start":{"line":20,"column":16},"end":{"line":54,"column":null}},"line":20}},"branchMap":{"0":{"loc":{"start":{"line":13,"column":2},"end":{"line":13,"column":null}},"type":"default-arg","locations":[{"start":{"line":13,"column":12},"end":{"line":13,"column":null}}],"line":13},"1":{"loc":{"start":{"line":14,"column":2},"end":{"line":14,"column":null}},"type":"default-arg","locations":[{"start":{"line":14,"column":9},"end":{"line":14,"column":null}}],"line":14},"2":{"loc":{"start":{"line":15,"column":2},"end":{"line":15,"column":null}},"type":"default-arg","locations":[{"start":{"line":15,"column":12},"end":{"line":15,"column":null}}],"line":15},"3":{"loc":{"start":{"line":40,"column":16},"end":{"line":40,"column":null}},"type":"binary-expr","locations":[{"start":{"line":40,"column":16},"end":{"line":40,"column":28}},{"start":{"line":40,"column":28},"end":{"line":40,"column":null}}],"line":40},"4":{"loc":{"start":{"line":43,"column":7},"end":{"line":50,"column":null}},"type":"cond-expr","locations":[{"start":{"line":44,"column":8},"end":{"line":47,"column":null}},{"start":{"line":48,"column":10},"end":{"line":50,"column":null}}],"line":43},"5":{"loc":{"start":{"line":48,"column":10},"end":{"line":50,"column":null}},"type":"cond-expr","locations":[{"start":{"line":49,"column":8},"end":{"line":49,"column":null}},{"start":{"line":50,"column":10},"end":{"line":50,"column":null}}],"line":48}},"s":{"0":164,"1":164,"2":164,"3":164},"f":{"0":164},"b":{"0":[164],"1":[164],"2":[164],"3":[164,139],"4":[3,161],"5":[0,161]},"meta":{"lastBranch":6,"lastFunction":1,"lastStatement":4,"seen":{"f:11:16:11:23":0,"b:13:12:13:Infinity":0,"b:14:9:14:Infinity":1,"b:15:12:15:Infinity":2,"s:21:21:21:Infinity":0,"s:23:19:29:Infinity":1,"s:31:16:35:Infinity":2,"s:37:2:52:Infinity":3,"b:40:16:40:28:40:28:40:Infinity":3,"b:44:8:47:Infinity:48:10:50:Infinity":4,"b:49:8:49:Infinity:50:10:50:Infinity":5}}}
,"/Users/ra/app/FIN1/admin-portal/src/components/ui/Card.tsx": {"path":"/Users/ra/app/FIN1/admin-portal/src/components/ui/Card.tsx","statementMap":{"0":{"start":{"line":11,"column":24},"end":{"line":16,"column":null}},"1":{"start":{"line":18,"column":2},"end":{"line":21,"column":null}},"2":{"start":{"line":32,"column":2},"end":{"line":39,"column":null}}},"fnMap":{"0":{"name":"Card","decl":{"start":{"line":10,"column":16},"end":{"line":10,"column":21}},"loc":{"start":{"line":10,"column":83},"end":{"line":23,"column":null}},"line":10},"1":{"name":"CardHeader","decl":{"start":{"line":31,"column":16},"end":{"line":31,"column":27}},"loc":{"start":{"line":31,"column":73},"end":{"line":41,"column":null}},"line":31}},"branchMap":{"0":{"loc":{"start":{"line":10,"column":44},"end":{"line":10,"column":60}},"type":"default-arg","locations":[{"start":{"line":10,"column":54},"end":{"line":10,"column":60}}],"line":10},"1":{"loc":{"start":{"line":36,"column":9},"end":{"line":36,"column":null}},"type":"binary-expr","locations":[{"start":{"line":36,"column":9},"end":{"line":36,"column":21}},{"start":{"line":36,"column":21},"end":{"line":36,"column":null}}],"line":36},"2":{"loc":{"start":{"line":38,"column":7},"end":{"line":38,"column":null}},"type":"binary-expr","locations":[{"start":{"line":38,"column":7},"end":{"line":38,"column":17}},{"start":{"line":38,"column":17},"end":{"line":38,"column":null}}],"line":38}},"s":{"0":300,"1":300,"2":6},"f":{"0":300,"1":6},"b":{"0":[300],"1":[6,2],"2":[6,1]},"meta":{"lastBranch":3,"lastFunction":2,"lastStatement":3,"seen":{"f:10:16:10:21":0,"b:10:54:10:60":0,"s:11:24:16:Infinity":0,"s:18:2:21:Infinity":1,"f:31:16:31:27":1,"s:32:2:39:Infinity":2,"b:36:9:36:21:36:21:36:Infinity":1,"b:38:7:38:17:38:17:38:Infinity":2}}}
,"/Users/ra/app/FIN1/admin-portal/src/components/ui/Input.tsx": {"path":"/Users/ra/app/FIN1/admin-portal/src/components/ui/Input.tsx","statementMap":{"0":{"start":{"line":18,"column":18},"end":{"line":18,"column":null}},"1":{"start":{"line":20,"column":2},"end":{"line":48,"column":null}}},"fnMap":{"0":{"name":"Input","decl":{"start":{"line":10,"column":16},"end":{"line":10,"column":22}},"loc":{"start":{"line":17,"column":15},"end":{"line":50,"column":null}},"line":17}},"branchMap":{"0":{"loc":{"start":{"line":18,"column":18},"end":{"line":18,"column":null}},"type":"binary-expr","locations":[{"start":{"line":18,"column":18},"end":{"line":18,"column":24}},{"start":{"line":18,"column":24},"end":{"line":18,"column":null}}],"line":18},"1":{"loc":{"start":{"line":22,"column":7},"end":{"line":25,"column":null}},"type":"binary-expr","locations":[{"start":{"line":22,"column":7},"end":{"line":22,"column":null}},{"start":{"line":23,"column":8},"end":{"line":25,"column":null}}],"line":22},"2":{"loc":{"start":{"line":28,"column":9},"end":{"line":31,"column":null}},"type":"binary-expr","locations":[{"start":{"line":28,"column":9},"end":{"line":28,"column":null}},{"start":{"line":29,"column":10},"end":{"line":31,"column":null}}],"line":28},"3":{"loc":{"start":{"line":38,"column":12},"end":{"line":38,"column":null}},"type":"cond-expr","locations":[{"start":{"line":38,"column":20},"end":{"line":38,"column":43}},{"start":{"line":38,"column":43},"end":{"line":38,"column":null}}],"line":38},"4":{"loc":{"start":{"line":39,"column":12},"end":{"line":39,"column":null}},"type":"binary-expr","locations":[{"start":{"line":39,"column":12},"end":{"line":39,"column":20}},{"start":{"line":39,"column":20},"end":{"line":39,"column":null}}],"line":39},"5":{"loc":{"start":{"line":45,"column":7},"end":{"line":46,"column":null}},"type":"binary-expr","locations":[{"start":{"line":45,"column":7},"end":{"line":45,"column":null}},{"start":{"line":46,"column":8},"end":{"line":46,"column":null}}],"line":45}},"s":{"0":207,"1":207},"f":{"0":207},"b":{"0":[207,206],"1":[207,197],"2":[207,196],"3":[2,205],"4":[207,196],"5":[207,2]},"meta":{"lastBranch":6,"lastFunction":1,"lastStatement":2,"seen":{"f:10:16:10:22":0,"s:18:18:18:Infinity":0,"b:18:18:18:24:18:24:18:Infinity":0,"s:20:2:48:Infinity":1,"b:22:7:22:Infinity:23:8:25:Infinity":1,"b:28:9:28:Infinity:29:10:31:Infinity":2,"b:38:20:38:43:38:43:38:Infinity":3,"b:39:12:39:20:39:20:39:Infinity":4,"b:45:7:45:Infinity:46:8:46:Infinity":5}}}
,"/Users/ra/app/FIN1/admin-portal/src/components/ui/index.ts": {"path":"/Users/ra/app/FIN1/admin-portal/src/components/ui/index.ts","statementMap":{},"fnMap":{},"branchMap":{},"s":{},"f":{},"b":{},"meta":{"lastBranch":0,"lastFunction":0,"lastStatement":0,"seen":{}}}
,"/Users/ra/app/FIN1/admin-portal/src/context/AuthContext.tsx": {"path":"/Users/ra/app/FIN1/admin-portal/src/context/AuthContext.tsx","statementMap":{"0":{"start":{"line":53,"column":6},"end":{"line":53,"column":null}},"1":{"start":{"line":56,"column":23},"end":{"line":56,"column":null}},"2":{"start":{"line":57,"column":20},"end":{"line":57,"column":null}},"3":{"start":{"line":64,"column":24},"end":{"line":70,"column":null}},"4":{"start":{"line":73,"column":2},"end":{"line":161,"column":null}},"5":{"start":{"line":74,"column":25},"end":{"line":158,"column":null}},"6":{"start":{"line":75,"column":6},"end":{"line":157,"column":null}},"7":{"start":{"line":76,"column":26},"end":{"line":76,"column":null}},"8":{"start":{"line":78,"column":8},"end":{"line":147,"column":null}},"9":{"start":{"line":79,"column":23},"end":{"line":79,"column":null}},"10":{"start":{"line":81,"column":10},"end":{"line":92,"column":null}},"11":{"start":{"line":83,"column":12},"end":{"line":83,"column":null}},"12":{"start":{"line":84,"column":12},"end":{"line":90,"column":null}},"13":{"start":{"line":91,"column":12},"end":{"line":91,"column":null}},"14":{"start":{"line":94,"column":33},"end":{"line":103,"column":null}},"15":{"start":{"line":106,"column":37},"end":{"line":106,"column":null}},"16":{"start":{"line":107,"column":27},"end":{"line":107,"column":null}},"17":{"start":{"line":109,"column":10},"end":{"line":138,"column":null}},"18":{"start":{"line":110,"column":12},"end":{"line":116,"column":null}},"19":{"start":{"line":119,"column":12},"end":{"line":137,"column":null}},"20":{"start":{"line":120,"column":34},"end":{"line":120,"column":null}},"21":{"start":{"line":121,"column":14},"end":{"line":127,"column":null}},"22":{"start":{"line":129,"column":14},"end":{"line":129,"column":null}},"23":{"start":{"line":130,"column":14},"end":{"line":136,"column":null}},"24":{"start":{"line":140,"column":10},"end":{"line":146,"column":null}},"25":{"start":{"line":149,"column":8},"end":{"line":149,"column":null}},"26":{"start":{"line":150,"column":8},"end":{"line":156,"column":null}},"27":{"start":{"line":160,"column":4},"end":{"line":160,"column":null}},"28":{"start":{"line":164,"column":8},"end":{"line":223,"column":null}},"29":{"start":{"line":165,"column":4},"end":{"line":165,"column":null}},"30":{"start":{"line":165,"column":22},"end":{"line":165,"column":51}},"31":{"start":{"line":167,"column":4},"end":{"line":222,"column":null}},"32":{"start":{"line":168,"column":24},"end":{"line":168,"column":null}},"33":{"start":{"line":169,"column":19},"end":{"line":169,"column":null}},"34":{"start":{"line":172,"column":6},"end":{"line":175,"column":null}},"35":{"start":{"line":173,"column":8},"end":{"line":173,"column":null}},"36":{"start":{"line":174,"column":8},"end":{"line":174,"column":null}},"37":{"start":{"line":177,"column":29},"end":{"line":186,"column":null}},"38":{"start":{"line":189,"column":6},"end":{"line":218,"column":null}},"39":{"start":{"line":190,"column":8},"end":{"line":196,"column":null}},"40":{"start":{"line":199,"column":8},"end":{"line":217,"column":null}},"41":{"start":{"line":200,"column":30},"end":{"line":200,"column":null}},"42":{"start":{"line":201,"column":10},"end":{"line":207,"column":null}},"43":{"start":{"line":209,"column":10},"end":{"line":209,"column":null}},"44":{"start":{"line":210,"column":10},"end":{"line":216,"column":null}},"45":{"start":{"line":220,"column":6},"end":{"line":220,"column":null}},"46":{"start":{"line":220,"column":24},"end":{"line":220,"column":54}},"47":{"start":{"line":221,"column":6},"end":{"line":221,"column":null}},"48":{"start":{"line":226,"column":8},"end":{"line":255,"column":null}},"49":{"start":{"line":227,"column":4},"end":{"line":227,"column":null}},"50":{"start":{"line":227,"column":21},"end":{"line":227,"column":null}},"51":{"start":{"line":229,"column":4},"end":{"line":229,"column":null}},"52":{"start":{"line":229,"column":22},"end":{"line":229,"column":51}},"53":{"start":{"line":231,"column":4},"end":{"line":254,"column":null}},"54":{"start":{"line":232,"column":21},"end":{"line":232,"column":null}},"55":{"start":{"line":234,"column":6},"end":{"line":250,"column":null}},"56":{"start":{"line":236,"column":8},"end":{"line":236,"column":null}},"57":{"start":{"line":239,"column":28},"end":{"line":239,"column":null}},"58":{"start":{"line":241,"column":8},"end":{"line":247,"column":null}},"59":{"start":{"line":241,"column":26},"end":{"line":247,"column":10}},"60":{"start":{"line":249,"column":8},"end":{"line":249,"column":null}},"61":{"start":{"line":252,"column":6},"end":{"line":252,"column":null}},"62":{"start":{"line":252,"column":24},"end":{"line":252,"column":54}},"63":{"start":{"line":253,"column":6},"end":{"line":253,"column":null}},"64":{"start":{"line":258,"column":8},"end":{"line":268,"column":null}},"65":{"start":{"line":259,"column":4},"end":{"line":259,"column":null}},"66":{"start":{"line":260,"column":4},"end":{"line":260,"column":null}},"67":{"start":{"line":261,"column":4},"end":{"line":267,"column":null}},"68":{"start":{"line":271,"column":8},"end":{"line":275,"column":null}},"69":{"start":{"line":272,"column":4},"end":{"line":272,"column":null}},"70":{"start":{"line":272,"column":28},"end":{"line":272,"column":null}},"71":{"start":{"line":273,"column":4},"end":{"line":273,"column":null}},"72":{"start":{"line":273,"column":39},"end":{"line":273,"column":null}},"73":{"start":{"line":274,"column":4},"end":{"line":274,"column":null}},"74":{"start":{"line":278,"column":8},"end":{"line":287,"column":null}},"75":{"start":{"line":279,"column":4},"end":{"line":279,"column":null}},"76":{"start":{"line":279,"column":21},"end":{"line":279,"column":null}},"77":{"start":{"line":281,"column":4},"end":{"line":286,"column":null}},"78":{"start":{"line":282,"column":26},"end":{"line":282,"column":null}},"79":{"start":{"line":283,"column":6},"end":{"line":283,"column":null}},"80":{"start":{"line":283,"column":24},"end":{"line":283,"column":49}},"81":{"start":{"line":285,"column":6},"end":{"line":285,"column":null}},"82":{"start":{"line":290,"column":8},"end":{"line":306,"column":null}},"83":{"start":{"line":291,"column":4},"end":{"line":305,"column":null}},"84":{"start":{"line":292,"column":24},"end":{"line":292,"column":null}},"85":{"start":{"line":293,"column":6},"end":{"line":302,"column":null}},"86":{"start":{"line":294,"column":38},"end":{"line":300,"column":null}},"87":{"start":{"line":301,"column":8},"end":{"line":301,"column":null}},"88":{"start":{"line":301,"column":26},"end":{"line":301,"column":57}},"89":{"start":{"line":304,"column":6},"end":{"line":304,"column":null}},"90":{"start":{"line":308,"column":33},"end":{"line":316,"column":null}},"91":{"start":{"line":318,"column":2},"end":{"line":321,"column":null}},"92":{"start":{"line":330,"column":8},"end":{"line":330,"column":null}},"93":{"start":{"line":331,"column":2},"end":{"line":333,"column":null}},"94":{"start":{"line":332,"column":4},"end":{"line":332,"column":null}},"95":{"start":{"line":334,"column":2},"end":{"line":334,"column":null}}},"fnMap":{"0":{"name":"AuthProvider","decl":{"start":{"line":63,"column":16},"end":{"line":63,"column":29}},"loc":{"start":{"line":63,"column":74},"end":{"line":323,"column":null}},"line":63},"1":{"name":"(anonymous_1)","decl":{"start":{"line":73,"column":12},"end":{"line":73,"column":18}},"loc":{"start":{"line":73,"column":18},"end":{"line":161,"column":5}},"line":73},"2":{"name":"(anonymous_2)","decl":{"start":{"line":74,"column":25},"end":{"line":74,"column":37}},"loc":{"start":{"line":74,"column":37},"end":{"line":158,"column":null}},"line":74},"3":{"name":"(anonymous_3)","decl":{"start":{"line":164,"column":28},"end":{"line":164,"column":35}},"loc":{"start":{"line":164,"column":71},"end":{"line":223,"column":5}},"line":164},"4":{"name":"(anonymous_4)","decl":{"start":{"line":165,"column":13},"end":{"line":165,"column":22}},"loc":{"start":{"line":165,"column":22},"end":{"line":165,"column":51}},"line":165},"5":{"name":"(anonymous_5)","decl":{"start":{"line":220,"column":15},"end":{"line":220,"column":24}},"loc":{"start":{"line":220,"column":24},"end":{"line":220,"column":54}},"line":220},"6":{"name":"(anonymous_6)","decl":{"start":{"line":226,"column":36},"end":{"line":226,"column":43}},"loc":{"start":{"line":226,"column":60},"end":{"line":255,"column":5}},"line":226},"7":{"name":"(anonymous_7)","decl":{"start":{"line":229,"column":13},"end":{"line":229,"column":22}},"loc":{"start":{"line":229,"column":22},"end":{"line":229,"column":51}},"line":229},"8":{"name":"(anonymous_8)","decl":{"start":{"line":241,"column":17},"end":{"line":241,"column":26}},"loc":{"start":{"line":241,"column":26},"end":{"line":247,"column":10}},"line":241},"9":{"name":"(anonymous_9)","decl":{"start":{"line":252,"column":15},"end":{"line":252,"column":24}},"loc":{"start":{"line":252,"column":24},"end":{"line":252,"column":54}},"line":252},"10":{"name":"(anonymous_10)","decl":{"start":{"line":258,"column":29},"end":{"line":258,"column":41}},"loc":{"start":{"line":258,"column":41},"end":{"line":268,"column":5}},"line":258},"11":{"name":"(anonymous_11)","decl":{"start":{"line":271,"column":36},"end":{"line":271,"column":37}},"loc":{"start":{"line":271,"column":69},"end":{"line":275,"column":5}},"line":271},"12":{"name":"(anonymous_12)","decl":{"start":{"line":278,"column":41},"end":{"line":278,"column":53}},"loc":{"start":{"line":278,"column":53},"end":{"line":287,"column":5}},"line":278},"13":{"name":"(anonymous_13)","decl":{"start":{"line":283,"column":15},"end":{"line":283,"column":24}},"loc":{"start":{"line":283,"column":24},"end":{"line":283,"column":49}},"line":283},"14":{"name":"(anonymous_14)","decl":{"start":{"line":290,"column":34},"end":{"line":290,"column":46}},"loc":{"start":{"line":290,"column":46},"end":{"line":306,"column":5}},"line":290},"15":{"name":"(anonymous_15)","decl":{"start":{"line":301,"column":17},"end":{"line":301,"column":26}},"loc":{"start":{"line":301,"column":26},"end":{"line":301,"column":57}},"line":301},"16":{"name":"useAuth","decl":{"start":{"line":329,"column":16},"end":{"line":329,"column":43}},"loc":{"start":{"line":329,"column":43},"end":{"line":335,"column":null}},"line":329}},"branchMap":{"0":{"loc":{"start":{"line":78,"column":8},"end":{"line":147,"column":null}},"type":"if","locations":[{"start":{"line":78,"column":8},"end":{"line":147,"column":null}},{"start":{"line":139,"column":15},"end":{"line":147,"column":null}}],"line":78},"1":{"loc":{"start":{"line":81,"column":10},"end":{"line":92,"column":null}},"type":"if","locations":[{"start":{"line":81,"column":10},"end":{"line":92,"column":null}},{"start":{},"end":{}}],"line":81},"2":{"loc":{"start":{"line":102,"column":27},"end":{"line":102,"column":null}},"type":"binary-expr","locations":[{"start":{"line":102,"column":27},"end":{"line":102,"column":57}},{"start":{"line":102,"column":57},"end":{"line":102,"column":null}}],"line":102},"3":{"loc":{"start":{"line":107,"column":27},"end":{"line":107,"column":null}},"type":"binary-expr","locations":[{"start":{"line":107,"column":27},"end":{"line":107,"column":47}},{"start":{"line":107,"column":47},"end":{"line":107,"column":69}},{"start":{"line":107,"column":69},"end":{"line":107,"column":null}}],"line":107},"4":{"loc":{"start":{"line":109,"column":10},"end":{"line":138,"column":null}},"type":"if","locations":[{"start":{"line":109,"column":10},"end":{"line":138,"column":null}},{"start":{"line":117,"column":17},"end":{"line":138,"column":null}}],"line":109},"5":{"loc":{"start":{"line":172,"column":6},"end":{"line":175,"column":null}},"type":"if","locations":[{"start":{"line":172,"column":6},"end":{"line":175,"column":null}},{"start":{},"end":{}}],"line":172},"6":{"loc":{"start":{"line":185,"column":23},"end":{"line":185,"column":null}},"type":"binary-expr","locations":[{"start":{"line":185,"column":23},"end":{"line":185,"column":53}},{"start":{"line":185,"column":53},"end":{"line":185,"column":null}}],"line":185},"7":{"loc":{"start":{"line":189,"column":6},"end":{"line":218,"column":null}},"type":"if","locations":[{"start":{"line":189,"column":6},"end":{"line":218,"column":null}},{"start":{"line":197,"column":13},"end":{"line":218,"column":null}}],"line":189},"8":{"loc":{"start":{"line":189,"column":10},"end":{"line":189,"column":50}},"type":"binary-expr","locations":[{"start":{"line":189,"column":10},"end":{"line":189,"column":30}},{"start":{"line":189,"column":30},"end":{"line":189,"column":50}}],"line":189},"9":{"loc":{"start":{"line":227,"column":4},"end":{"line":227,"column":null}},"type":"if","locations":[{"start":{"line":227,"column":4},"end":{"line":227,"column":null}},{"start":{},"end":{}}],"line":227},"10":{"loc":{"start":{"line":234,"column":6},"end":{"line":250,"column":null}},"type":"if","locations":[{"start":{"line":234,"column":6},"end":{"line":250,"column":null}},{"start":{"line":248,"column":13},"end":{"line":250,"column":null}}],"line":234},"11":{"loc":{"start":{"line":272,"column":4},"end":{"line":272,"column":null}},"type":"if","locations":[{"start":{"line":272,"column":4},"end":{"line":272,"column":null}},{"start":{},"end":{}}],"line":272},"12":{"loc":{"start":{"line":273,"column":4},"end":{"line":273,"column":null}},"type":"if","locations":[{"start":{"line":273,"column":4},"end":{"line":273,"column":null}},{"start":{},"end":{}}],"line":273},"13":{"loc":{"start":{"line":279,"column":4},"end":{"line":279,"column":null}},"type":"if","locations":[{"start":{"line":279,"column":4},"end":{"line":279,"column":null}},{"start":{},"end":{}}],"line":279},"14":{"loc":{"start":{"line":293,"column":6},"end":{"line":302,"column":null}},"type":"if","locations":[{"start":{"line":293,"column":6},"end":{"line":302,"column":null}},{"start":{},"end":{}}],"line":293},"15":{"loc":{"start":{"line":293,"column":10},"end":{"line":293,"column":35}},"type":"binary-expr","locations":[{"start":{"line":293,"column":10},"end":{"line":293,"column":23}},{"start":{"line":293,"column":23},"end":{"line":293,"column":35}}],"line":293},"16":{"loc":{"start":{"line":296,"column":28},"end":{"line":296,"column":null}},"type":"binary-expr","locations":[{"start":{"line":296,"column":28},"end":{"line":296,"column":58}},{"start":{"line":296,"column":58},"end":{"line":296,"column":null}}],"line":296},"17":{"loc":{"start":{"line":299,"column":25},"end":{"line":299,"column":null}},"type":"binary-expr","locations":[{"start":{"line":299,"column":25},"end":{"line":299,"column":55}},{"start":{"line":299,"column":55},"end":{"line":299,"column":null}}],"line":299},"18":{"loc":{"start":{"line":331,"column":2},"end":{"line":333,"column":null}},"type":"if","locations":[{"start":{"line":331,"column":2},"end":{"line":333,"column":null}},{"start":{},"end":{}}],"line":331}},"s":{"0":1,"1":1,"2":1,"3":41,"4":41,"5":15,"6":15,"7":15,"8":15,"9":3,"10":3,"11":0,"12":0,"13":0,"14":3,"15":3,"16":3,"17":3,"18":1,"19":2,"20":2,"21":2,"22":0,"23":0,"24":12,"25":0,"26":0,"27":15,"28":41,"29":9,"30":8,"31":9,"32":9,"33":9,"34":9,"35":1,"36":1,"37":8,"38":9,"39":3,"40":5,"41":5,"42":5,"43":0,"44":0,"45":1,"46":0,"47":1,"48":41,"49":2,"50":0,"51":2,"52":1,"53":2,"54":2,"55":2,"56":1,"57":1,"58":1,"59":1,"60":1,"61":1,"62":0,"63":1,"64":41,"65":2,"66":2,"67":2,"68":41,"69":6,"70":1,"71":5,"72":2,"73":3,"74":41,"75":0,"76":0,"77":0,"78":0,"79":0,"80":0,"81":0,"82":41,"83":0,"84":0,"85":0,"86":0,"87":0,"88":0,"89":0,"90":41,"91":41,"92":45,"93":45,"94":4,"95":41},"f":{"0":41,"1":15,"2":15,"3":9,"4":8,"5":0,"6":2,"7":1,"8":1,"9":0,"10":2,"11":6,"12":0,"13":0,"14":0,"15":0,"16":45},"b":{"0":[3,12],"1":[0,3],"2":[3,1],"3":[3,3,2],"4":[1,2],"5":[1,8],"6":[8,5],"7":[3,5],"8":[9,6],"9":[0,2],"10":[1,1],"11":[1,5],"12":[2,3],"13":[0,0],"14":[0,0],"15":[0,0],"16":[0,0],"17":[0,0],"18":[4,41]},"meta":{"lastBranch":19,"lastFunction":17,"lastStatement":96,"seen":{"s:53:6:53:Infinity":0,"s:56:23:56:Infinity":1,"s:57:20:57:Infinity":2,"f:63:16:63:29":0,"s:64:24:70:Infinity":3,"s:73:2:161:Infinity":4,"f:73:12:73:18":1,"s:74:25:158:Infinity":5,"f:74:25:74:37":2,"s:75:6:157:Infinity":6,"s:76:26:76:Infinity":7,"b:78:8:147:Infinity:139:15:147:Infinity":0,"s:78:8:147:Infinity":8,"s:79:23:79:Infinity":9,"b:81:10:92:Infinity:undefined:undefined:undefined:undefined":1,"s:81:10:92:Infinity":10,"s:83:12:83:Infinity":11,"s:84:12:90:Infinity":12,"s:91:12:91:Infinity":13,"s:94:33:103:Infinity":14,"b:102:27:102:57:102:57:102:Infinity":2,"s:106:37:106:Infinity":15,"s:107:27:107:Infinity":16,"b:107:27:107:47:107:47:107:69:107:69:107:Infinity":3,"b:109:10:138:Infinity:117:17:138:Infinity":4,"s:109:10:138:Infinity":17,"s:110:12:116:Infinity":18,"s:119:12:137:Infinity":19,"s:120:34:120:Infinity":20,"s:121:14:127:Infinity":21,"s:129:14:129:Infinity":22,"s:130:14:136:Infinity":23,"s:140:10:146:Infinity":24,"s:149:8:149:Infinity":25,"s:150:8:156:Infinity":26,"s:160:4:160:Infinity":27,"s:164:8:223:Infinity":28,"f:164:28:164:35":3,"s:165:4:165:Infinity":29,"f:165:13:165:22":4,"s:165:22:165:51":30,"s:167:4:222:Infinity":31,"s:168:24:168:Infinity":32,"s:169:19:169:Infinity":33,"b:172:6:175:Infinity:undefined:undefined:undefined:undefined":5,"s:172:6:175:Infinity":34,"s:173:8:173:Infinity":35,"s:174:8:174:Infinity":36,"s:177:29:186:Infinity":37,"b:185:23:185:53:185:53:185:Infinity":6,"b:189:6:218:Infinity:197:13:218:Infinity":7,"s:189:6:218:Infinity":38,"b:189:10:189:30:189:30:189:50":8,"s:190:8:196:Infinity":39,"s:199:8:217:Infinity":40,"s:200:30:200:Infinity":41,"s:201:10:207:Infinity":42,"s:209:10:209:Infinity":43,"s:210:10:216:Infinity":44,"s:220:6:220:Infinity":45,"f:220:15:220:24":5,"s:220:24:220:54":46,"s:221:6:221:Infinity":47,"s:226:8:255:Infinity":48,"f:226:36:226:43":6,"b:227:4:227:Infinity:undefined:undefined:undefined:undefined":9,"s:227:4:227:Infinity":49,"s:227:21:227:Infinity":50,"s:229:4:229:Infinity":51,"f:229:13:229:22":7,"s:229:22:229:51":52,"s:231:4:254:Infinity":53,"s:232:21:232:Infinity":54,"b:234:6:250:Infinity:248:13:250:Infinity":10,"s:234:6:250:Infinity":55,"s:236:8:236:Infinity":56,"s:239:28:239:Infinity":57,"s:241:8:247:Infinity":58,"f:241:17:241:26":8,"s:241:26:247:10":59,"s:249:8:249:Infinity":60,"s:252:6:252:Infinity":61,"f:252:15:252:24":9,"s:252:24:252:54":62,"s:253:6:253:Infinity":63,"s:258:8:268:Infinity":64,"f:258:29:258:41":10,"s:259:4:259:Infinity":65,"s:260:4:260:Infinity":66,"s:261:4:267:Infinity":67,"s:271:8:275:Infinity":68,"f:271:36:271:37":11,"b:272:4:272:Infinity:undefined:undefined:undefined:undefined":11,"s:272:4:272:Infinity":69,"s:272:28:272:Infinity":70,"b:273:4:273:Infinity:undefined:undefined:undefined:undefined":12,"s:273:4:273:Infinity":71,"s:273:39:273:Infinity":72,"s:274:4:274:Infinity":73,"s:278:8:287:Infinity":74,"f:278:41:278:53":12,"b:279:4:279:Infinity:undefined:undefined:undefined:undefined":13,"s:279:4:279:Infinity":75,"s:279:21:279:Infinity":76,"s:281:4:286:Infinity":77,"s:282:26:282:Infinity":78,"s:283:6:283:Infinity":79,"f:283:15:283:24":13,"s:283:24:283:49":80,"s:285:6:285:Infinity":81,"s:290:8:306:Infinity":82,"f:290:34:290:46":14,"s:291:4:305:Infinity":83,"s:292:24:292:Infinity":84,"b:293:6:302:Infinity:undefined:undefined:undefined:undefined":14,"s:293:6:302:Infinity":85,"b:293:10:293:23:293:23:293:35":15,"s:294:38:300:Infinity":86,"b:296:28:296:58:296:58:296:Infinity":16,"b:299:25:299:55:299:55:299:Infinity":17,"s:301:8:301:Infinity":87,"f:301:17:301:26":15,"s:301:26:301:57":88,"s:304:6:304:Infinity":89,"s:308:33:316:Infinity":90,"s:318:2:321:Infinity":91,"f:329:16:329:43":16,"s:330:8:330:Infinity":92,"b:331:2:333:Infinity:undefined:undefined:undefined:undefined":18,"s:331:2:333:Infinity":93,"s:332:4:332:Infinity":94,"s:334:2:334:Infinity":95}}}
,"/Users/ra/app/FIN1/admin-portal/src/hooks/usePermissions.ts": {"path":"/Users/ra/app/FIN1/admin-portal/src/hooks/usePermissions.ts","statementMap":{"0":{"start":{"line":8,"column":43},"end":{"line":8,"column":null}},"1":{"start":{"line":10,"column":8},"end":{"line":33,"column":null}},"2":{"start":{"line":10,"column":32},"end":{"line":33,"column":6}},"3":{"start":{"line":35,"column":2},"end":{"line":40,"column":null}},"4":{"start":{"line":47,"column":16},"end":{"line":47,"column":null}},"5":{"start":{"line":49,"column":8},"end":{"line":117,"column":null}},"6":{"start":{"line":50,"column":18},"end":{"line":114,"column":null}},"7":{"start":{"line":116,"column":4},"end":{"line":116,"column":null}},"8":{"start":{"line":116,"column":32},"end":{"line":116,"column":44}},"9":{"start":{"line":119,"column":2},"end":{"line":119,"column":null}}},"fnMap":{"0":{"name":"usePermissions","decl":{"start":{"line":7,"column":16},"end":{"line":7,"column":33}},"loc":{"start":{"line":7,"column":33},"end":{"line":41,"column":null}},"line":7},"1":{"name":"(anonymous_1)","decl":{"start":{"line":10,"column":25},"end":{"line":10,"column":32}},"loc":{"start":{"line":10,"column":32},"end":{"line":33,"column":6}},"line":10},"2":{"name":"useNavigation","decl":{"start":{"line":46,"column":16},"end":{"line":46,"column":32}},"loc":{"start":{"line":46,"column":32},"end":{"line":120,"column":null}},"line":46},"3":{"name":"(anonymous_3)","decl":{"start":{"line":49,"column":27},"end":{"line":49,"column":33}},"loc":{"start":{"line":49,"column":33},"end":{"line":117,"column":5}},"line":49},"4":{"name":"(anonymous_4)","decl":{"start":{"line":116,"column":24},"end":{"line":116,"column":32}},"loc":{"start":{"line":116,"column":32},"end":{"line":116,"column":44}},"line":116}},"branchMap":{"0":{"loc":{"start":{"line":17,"column":16},"end":{"line":17,"column":null}},"type":"binary-expr","locations":[{"start":{"line":17,"column":16},"end":{"line":17,"column":43}},{"start":{"line":17,"column":43},"end":{"line":17,"column":null}}],"line":17},"1":{"loc":{"start":{"line":18,"column":17},"end":{"line":18,"column":null}},"type":"binary-expr","locations":[{"start":{"line":18,"column":17},"end":{"line":18,"column":45}},{"start":{"line":18,"column":45},"end":{"line":18,"column":null}}],"line":18},"2":{"loc":{"start":{"line":22,"column":23},"end":{"line":22,"column":null}},"type":"binary-expr","locations":[{"start":{"line":22,"column":23},"end":{"line":22,"column":68}},{"start":{"line":22,"column":68},"end":{"line":22,"column":null}}],"line":22}},"s":{"0":9,"1":9,"2":9,"3":9,"4":4,"5":4,"6":4,"7":4,"8":36,"9":4},"f":{"0":9,"1":9,"2":4,"3":4,"4":36},"b":{"0":[9,1],"1":[9,1],"2":[9,6]},"meta":{"lastBranch":3,"lastFunction":5,"lastStatement":10,"seen":{"f:7:16:7:33":0,"s:8:43:8:Infinity":0,"s:10:8:33:Infinity":1,"f:10:25:10:32":1,"s:10:32:33:6":2,"b:17:16:17:43:17:43:17:Infinity":0,"b:18:17:18:45:18:45:18:Infinity":1,"b:22:23:22:68:22:68:22:Infinity":2,"s:35:2:40:Infinity":3,"f:46:16:46:32":2,"s:47:16:47:Infinity":4,"s:49:8:117:Infinity":5,"f:49:27:49:33":3,"s:50:18:114:Infinity":6,"s:116:4:116:Infinity":7,"f:116:24:116:32":4,"s:116:32:116:44":8,"s:119:2:119:Infinity":9}}}
,"/Users/ra/app/FIN1/admin-portal/src/pages/Dashboard.tsx": {"path":"/Users/ra/app/FIN1/admin-portal/src/pages/Dashboard.tsx","statementMap":{"0":{"start":{"line":10,"column":15},"end":{"line":10,"column":null}},"1":{"start":{"line":11,"column":8},"end":{"line":11,"column":null}},"2":{"start":{"line":13,"column":40},"end":{"line":17,"column":null}},"3":{"start":{"line":19,"column":2},"end":{"line":200,"column":null}},"4":{"start":{"line":35,"column":12},"end":{"line":38,"column":null}},"5":{"start":{"line":216,"column":17},"end":{"line":221,"column":null}},"6":{"start":{"line":223,"column":2},"end":{"line":232,"column":null}},"7":{"start":{"line":246,"column":2},"end":{"line":253,"column":null}}},"fnMap":{"0":{"name":"DashboardPage","decl":{"start":{"line":9,"column":16},"end":{"line":9,"column":32}},"loc":{"start":{"line":9,"column":32},"end":{"line":202,"column":null}},"line":9},"1":{"name":"(anonymous_1)","decl":{"start":{"line":34,"column":29},"end":{"line":34,"column":30}},"loc":{"start":{"line":35,"column":12},"end":{"line":38,"column":null}},"line":35},"2":{"name":"StatCard","decl":{"start":{"line":205,"column":9},"end":{"line":205,"column":18}},"loc":{"start":{"line":215,"column":3},"end":{"line":234,"column":null}},"line":215},"3":{"name":"QuickAction","decl":{"start":{"line":237,"column":9},"end":{"line":237,"column":21}},"loc":{"start":{"line":245,"column":3},"end":{"line":255,"column":null}},"line":245}},"branchMap":{"0":{"loc":{"start":{"line":24,"column":23},"end":{"line":24,"column":69}},"type":"binary-expr","locations":[{"start":{"line":24,"column":23},"end":{"line":24,"column":42}},{"start":{"line":24,"column":42},"end":{"line":24,"column":69}}],"line":24},"1":{"loc":{"start":{"line":32,"column":7},"end":{"line":91,"column":null}},"type":"cond-expr","locations":[{"start":{"line":33,"column":8},"end":{"line":40,"column":null}},{"start":{"line":41,"column":10},"end":{"line":91,"column":null}}],"line":32},"2":{"loc":{"start":{"line":41,"column":10},"end":{"line":91,"column":null}},"type":"cond-expr","locations":[{"start":{"line":42,"column":8},"end":{"line":44,"column":null}},{"start":{"line":46,"column":8},"end":{"line":91,"column":null}}],"line":41},"3":{"loc":{"start":{"line":50,"column":32},"end":{"line":50,"column":56}},"type":"binary-expr","locations":[{"start":{"line":50,"column":32},"end":{"line":50,"column":55}},{"start":{"line":50,"column":55},"end":{"line":50,"column":56}}],"line":50},"4":{"loc":{"start":{"line":61,"column":32},"end":{"line":61,"column":57}},"type":"binary-expr","locations":[{"start":{"line":61,"column":32},"end":{"line":61,"column":56}},{"start":{"line":61,"column":56},"end":{"line":61,"column":57}}],"line":61},"5":{"loc":{"start":{"line":72,"column":32},"end":{"line":72,"column":58}},"type":"binary-expr","locations":[{"start":{"line":72,"column":32},"end":{"line":72,"column":57}},{"start":{"line":72,"column":57},"end":{"line":72,"column":58}}],"line":72},"6":{"loc":{"start":{"line":83,"column":32},"end":{"line":83,"column":60}},"type":"binary-expr","locations":[{"start":{"line":83,"column":32},"end":{"line":83,"column":59}},{"start":{"line":83,"column":59},"end":{"line":83,"column":60}}],"line":83},"7":{"loc":{"start":{"line":97,"column":9},"end":{"line":118,"column":null}},"type":"binary-expr","locations":[{"start":{"line":97,"column":9},"end":{"line":97,"column":null}},{"start":{"line":98,"column":10},"end":{"line":118,"column":null}}],"line":97},"8":{"loc":{"start":{"line":101,"column":40},"end":{"line":101,"column":66}},"type":"binary-expr","locations":[{"start":{"line":101,"column":40},"end":{"line":101,"column":64}},{"start":{"line":101,"column":64},"end":{"line":101,"column":66}}],"line":101},"9":{"loc":{"start":{"line":104,"column":15},"end":{"line":109,"column":null}},"type":"cond-expr","locations":[{"start":{"line":105,"column":16},"end":{"line":105,"column":null}},{"start":{"line":107,"column":16},"end":{"line":109,"column":null}}],"line":104},"10":{"loc":{"start":{"line":122,"column":9},"end":{"line":143,"column":null}},"type":"binary-expr","locations":[{"start":{"line":122,"column":9},"end":{"line":122,"column":null}},{"start":{"line":123,"column":10},"end":{"line":143,"column":null}}],"line":122},"11":{"loc":{"start":{"line":126,"column":40},"end":{"line":126,"column":79}},"type":"binary-expr","locations":[{"start":{"line":126,"column":40},"end":{"line":126,"column":77}},{"start":{"line":126,"column":77},"end":{"line":126,"column":79}}],"line":126},"12":{"loc":{"start":{"line":129,"column":15},"end":{"line":134,"column":null}},"type":"cond-expr","locations":[{"start":{"line":130,"column":16},"end":{"line":130,"column":null}},{"start":{"line":132,"column":16},"end":{"line":134,"column":null}}],"line":129},"13":{"loc":{"start":{"line":147,"column":9},"end":{"line":168,"column":null}},"type":"binary-expr","locations":[{"start":{"line":147,"column":9},"end":{"line":147,"column":null}},{"start":{"line":148,"column":10},"end":{"line":168,"column":null}}],"line":147},"14":{"loc":{"start":{"line":151,"column":37},"end":{"line":151,"column":78}},"type":"binary-expr","locations":[{"start":{"line":151,"column":37},"end":{"line":151,"column":76}},{"start":{"line":151,"column":76},"end":{"line":151,"column":78}}],"line":151},"15":{"loc":{"start":{"line":154,"column":15},"end":{"line":159,"column":null}},"type":"cond-expr","locations":[{"start":{"line":155,"column":16},"end":{"line":155,"column":null}},{"start":{"line":157,"column":16},"end":{"line":159,"column":null}}],"line":154},"16":{"loc":{"start":{"line":175,"column":13},"end":{"line":184,"column":null}},"type":"binary-expr","locations":[{"start":{"line":175,"column":13},"end":{"line":175,"column":null}},{"start":{"line":176,"column":14},"end":{"line":184,"column":null}}],"line":175},"17":{"loc":{"start":{"line":186,"column":13},"end":{"line":195,"column":null}},"type":"binary-expr","locations":[{"start":{"line":186,"column":13},"end":{"line":186,"column":null}},{"start":{"line":187,"column":14},"end":{"line":195,"column":null}}],"line":186}},"s":{"0":22,"1":22,"2":22,"3":22,"4":64,"5":20,"6":20,"7":40},"f":{"0":22,"1":64,"2":20,"3":40},"b":{"0":[22,1],"1":[16,6],"2":[1,5],"3":[5,0],"4":[5,0],"5":[5,0],"6":[5,0],"7":[22,20],"8":[20,16],"9":[1,19],"10":[22,20],"11":[20,16],"12":[1,19],"13":[22,20],"14":[20,17],"15":[2,18],"16":[22,20],"17":[22,20]},"meta":{"lastBranch":18,"lastFunction":4,"lastStatement":8,"seen":{"f:9:16:9:32":0,"s:10:15:10:Infinity":0,"s:11:8:11:Infinity":1,"s:13:40:17:Infinity":2,"s:19:2:200:Infinity":3,"b:24:23:24:42:24:42:24:69":0,"b:33:8:40:Infinity:41:10:91:Infinity":1,"f:34:29:34:30":1,"s:35:12:38:Infinity":4,"b:42:8:44:Infinity:46:8:91:Infinity":2,"b:50:32:50:55:50:55:50:56":3,"b:61:32:61:56:61:56:61:57":4,"b:72:32:72:57:72:57:72:58":5,"b:83:32:83:59:83:59:83:60":6,"b:97:9:97:Infinity:98:10:118:Infinity":7,"b:101:40:101:64:101:64:101:66":8,"b:105:16:105:Infinity:107:16:109:Infinity":9,"b:122:9:122:Infinity:123:10:143:Infinity":10,"b:126:40:126:77:126:77:126:79":11,"b:130:16:130:Infinity:132:16:134:Infinity":12,"b:147:9:147:Infinity:148:10:168:Infinity":13,"b:151:37:151:76:151:76:151:78":14,"b:155:16:155:Infinity:157:16:159:Infinity":15,"b:175:13:175:Infinity:176:14:184:Infinity":16,"b:186:13:186:Infinity:187:14:195:Infinity":17,"f:205:9:205:18":2,"s:216:17:221:Infinity":5,"s:223:2:232:Infinity":6,"f:237:9:237:21":3,"s:246:2:253:Infinity":7}}}
,"/Users/ra/app/FIN1/admin-portal/src/pages/Login.tsx": {"path":"/Users/ra/app/FIN1/admin-portal/src/pages/Login.tsx","statementMap":{"0":{"start":{"line":7,"column":49},"end":{"line":7,"column":null}},"1":{"start":{"line":8,"column":24},"end":{"line":8,"column":null}},"2":{"start":{"line":9,"column":30},"end":{"line":9,"column":null}},"3":{"start":{"line":10,"column":24},"end":{"line":10,"column":null}},"4":{"start":{"line":12,"column":23},"end":{"line":21,"column":null}},"5":{"start":{"line":13,"column":4},"end":{"line":13,"column":null}},"6":{"start":{"line":14,"column":4},"end":{"line":14,"column":null}},"7":{"start":{"line":16,"column":4},"end":{"line":20,"column":null}},"8":{"start":{"line":17,"column":6},"end":{"line":17,"column":null}},"9":{"start":{"line":19,"column":6},"end":{"line":19,"column":null}},"10":{"start":{"line":24,"column":2},"end":{"line":26,"column":null}},"11":{"start":{"line":25,"column":4},"end":{"line":25,"column":null}},"12":{"start":{"line":28,"column":2},"end":{"line":104,"column":null}},"13":{"start":{"line":52,"column":31},"end":{"line":52,"column":null}},"14":{"start":{"line":67,"column":31},"end":{"line":67,"column":null}}},"fnMap":{"0":{"name":"LoginPage","decl":{"start":{"line":6,"column":16},"end":{"line":6,"column":28}},"loc":{"start":{"line":6,"column":28},"end":{"line":106,"column":null}},"line":6},"1":{"name":"(anonymous_1)","decl":{"start":{"line":12,"column":23},"end":{"line":12,"column":30}},"loc":{"start":{"line":12,"column":53},"end":{"line":21,"column":null}},"line":12},"2":{"name":"(anonymous_2)","decl":{"start":{"line":52,"column":24},"end":{"line":52,"column":25}},"loc":{"start":{"line":52,"column":31},"end":{"line":52,"column":null}},"line":52},"3":{"name":"(anonymous_3)","decl":{"start":{"line":67,"column":24},"end":{"line":67,"column":25}},"loc":{"start":{"line":67,"column":31},"end":{"line":67,"column":null}},"line":67}},"branchMap":{"0":{"loc":{"start":{"line":19,"column":15},"end":{"line":19,"column":78}},"type":"cond-expr","locations":[{"start":{"line":19,"column":38},"end":{"line":19,"column":52}},{"start":{"line":19,"column":52},"end":{"line":19,"column":78}}],"line":19},"1":{"loc":{"start":{"line":24,"column":2},"end":{"line":26,"column":null}},"type":"if","locations":[{"start":{"line":24,"column":2},"end":{"line":26,"column":null}},{"start":{},"end":{}}],"line":24},"2":{"loc":{"start":{"line":78,"column":13},"end":{"line":81,"column":null}},"type":"binary-expr","locations":[{"start":{"line":78,"column":13},"end":{"line":78,"column":null}},{"start":{"line":79,"column":14},"end":{"line":81,"column":null}}],"line":78}},"s":{"0":102,"1":102,"2":102,"3":102,"4":102,"5":5,"6":5,"7":5,"8":5,"9":3,"10":102,"11":1,"12":101,"13":54,"14":28},"f":{"0":102,"1":5,"2":54,"3":28},"b":{"0":[2,1],"1":[1,101],"2":[101,3]},"meta":{"lastBranch":3,"lastFunction":4,"lastStatement":15,"seen":{"f:6:16:6:28":0,"s:7:49:7:Infinity":0,"s:8:24:8:Infinity":1,"s:9:30:9:Infinity":2,"s:10:24:10:Infinity":3,"s:12:23:21:Infinity":4,"f:12:23:12:30":1,"s:13:4:13:Infinity":5,"s:14:4:14:Infinity":6,"s:16:4:20:Infinity":7,"s:17:6:17:Infinity":8,"s:19:6:19:Infinity":9,"b:19:38:19:52:19:52:19:78":0,"b:24:2:26:Infinity:undefined:undefined:undefined:undefined":1,"s:24:2:26:Infinity":10,"s:25:4:25:Infinity":11,"s:28:2:104:Infinity":12,"f:52:24:52:25":2,"s:52:31:52:Infinity":13,"f:67:24:67:25":3,"s:67:31:67:Infinity":14,"b:78:13:78:Infinity:79:14:81:Infinity":2}}}
,"/Users/ra/app/FIN1/admin-portal/src/utils/format.ts": {"path":"/Users/ra/app/FIN1/admin-portal/src/utils/format.ts","statementMap":{"0":{"start":{"line":8,"column":2},"end":{"line":8,"column":null}},"1":{"start":{"line":8,"column":18},"end":{"line":8,"column":null}},"2":{"start":{"line":10,"column":2},"end":{"line":30,"column":null}},"3":{"start":{"line":13,"column":4},"end":{"line":25,"column":null}},"4":{"start":{"line":14,"column":6},"end":{"line":14,"column":null}},"5":{"start":{"line":15,"column":4},"end":{"line":25,"column":null}},"6":{"start":{"line":17,"column":6},"end":{"line":17,"column":null}},"7":{"start":{"line":20,"column":6},"end":{"line":22,"column":null}},"8":{"start":{"line":21,"column":8},"end":{"line":21,"column":null}},"9":{"start":{"line":24,"column":6},"end":{"line":24,"column":null}},"10":{"start":{"line":27,"column":4},"end":{"line":27,"column":null}},"11":{"start":{"line":29,"column":4},"end":{"line":29,"column":null}},"12":{"start":{"line":37,"column":15},"end":{"line":37,"column":null}},"13":{"start":{"line":38,"column":2},"end":{"line":38,"column":null}},"14":{"start":{"line":38,"column":13},"end":{"line":38,"column":null}},"15":{"start":{"line":40,"column":2},"end":{"line":44,"column":null}},"16":{"start":{"line":41,"column":4},"end":{"line":41,"column":null}},"17":{"start":{"line":43,"column":4},"end":{"line":43,"column":null}},"18":{"start":{"line":51,"column":15},"end":{"line":51,"column":null}},"19":{"start":{"line":52,"column":2},"end":{"line":52,"column":null}},"20":{"start":{"line":52,"column":13},"end":{"line":52,"column":null}},"21":{"start":{"line":54,"column":2},"end":{"line":58,"column":null}},"22":{"start":{"line":55,"column":4},"end":{"line":55,"column":null}},"23":{"start":{"line":57,"column":4},"end":{"line":57,"column":null}},"24":{"start":{"line":65,"column":15},"end":{"line":65,"column":null}},"25":{"start":{"line":66,"column":2},"end":{"line":66,"column":null}},"26":{"start":{"line":66,"column":13},"end":{"line":66,"column":null}},"27":{"start":{"line":68,"column":2},"end":{"line":72,"column":null}},"28":{"start":{"line":69,"column":4},"end":{"line":69,"column":null}},"29":{"start":{"line":71,"column":4},"end":{"line":71,"column":null}},"30":{"start":{"line":79,"column":2},"end":{"line":79,"column":null}},"31":{"start":{"line":79,"column":47},"end":{"line":79,"column":null}},"32":{"start":{"line":81,"column":2},"end":{"line":84,"column":null}},"33":{"start":{"line":91,"column":2},"end":{"line":91,"column":null}},"34":{"start":{"line":91,"column":41},"end":{"line":91,"column":null}},"35":{"start":{"line":93,"column":2},"end":{"line":93,"column":null}},"36":{"start":{"line":100,"column":2},"end":{"line":100,"column":null}},"37":{"start":{"line":100,"column":32},"end":{"line":100,"column":null}},"38":{"start":{"line":101,"column":2},"end":{"line":101,"column":null}},"39":{"start":{"line":108,"column":41},"end":{"line":137,"column":null}},"40":{"start":{"line":139,"column":2},"end":{"line":139,"column":null}},"41":{"start":{"line":146,"column":40},"end":{"line":155,"column":null}},"42":{"start":{"line":157,"column":2},"end":{"line":157,"column":null}},"43":{"start":{"line":164,"column":43},"end":{"line":180,"column":null}},"44":{"start":{"line":182,"column":2},"end":{"line":182,"column":null}}},"fnMap":{"0":{"name":"safeParseDate","decl":{"start":{"line":7,"column":9},"end":{"line":7,"column":23}},"loc":{"start":{"line":7,"column":81},"end":{"line":31,"column":null}},"line":7},"1":{"name":"formatDate","decl":{"start":{"line":36,"column":16},"end":{"line":36,"column":27}},"loc":{"start":{"line":36,"column":81},"end":{"line":45,"column":null}},"line":36},"2":{"name":"formatDateTime","decl":{"start":{"line":50,"column":16},"end":{"line":50,"column":31}},"loc":{"start":{"line":50,"column":85},"end":{"line":59,"column":null}},"line":50},"3":{"name":"formatRelative","decl":{"start":{"line":64,"column":16},"end":{"line":64,"column":31}},"loc":{"start":{"line":64,"column":85},"end":{"line":73,"column":null}},"line":64},"4":{"name":"formatCurrency","decl":{"start":{"line":78,"column":16},"end":{"line":78,"column":31}},"loc":{"start":{"line":78,"column":67},"end":{"line":85,"column":null}},"line":78},"5":{"name":"formatNumber","decl":{"start":{"line":90,"column":16},"end":{"line":90,"column":29}},"loc":{"start":{"line":90,"column":62},"end":{"line":94,"column":null}},"line":90},"6":{"name":"truncate","decl":{"start":{"line":99,"column":16},"end":{"line":99,"column":25}},"loc":{"start":{"line":99,"column":66},"end":{"line":102,"column":null}},"line":99},"7":{"name":"getStatusColor","decl":{"start":{"line":107,"column":16},"end":{"line":107,"column":31}},"loc":{"start":{"line":107,"column":55},"end":{"line":140,"column":null}},"line":107},"8":{"name":"getRoleDisplay","decl":{"start":{"line":145,"column":16},"end":{"line":145,"column":31}},"loc":{"start":{"line":145,"column":53},"end":{"line":158,"column":null}},"line":145},"9":{"name":"getStatusDisplay","decl":{"start":{"line":163,"column":16},"end":{"line":163,"column":33}},"loc":{"start":{"line":163,"column":57},"end":{"line":183,"column":null}},"line":163}},"branchMap":{"0":{"loc":{"start":{"line":8,"column":2},"end":{"line":8,"column":null}},"type":"if","locations":[{"start":{"line":8,"column":2},"end":{"line":8,"column":null}},{"start":{},"end":{}}],"line":8},"1":{"loc":{"start":{"line":13,"column":4},"end":{"line":25,"column":null}},"type":"if","locations":[{"start":{"line":13,"column":4},"end":{"line":25,"column":null}},{"start":{"line":15,"column":4},"end":{"line":25,"column":null}}],"line":13},"2":{"loc":{"start":{"line":15,"column":4},"end":{"line":25,"column":null}},"type":"if","locations":[{"start":{"line":15,"column":4},"end":{"line":25,"column":null}},{"start":{"line":23,"column":11},"end":{"line":25,"column":null}}],"line":15},"3":{"loc":{"start":{"line":20,"column":6},"end":{"line":22,"column":null}},"type":"if","locations":[{"start":{"line":20,"column":6},"end":{"line":22,"column":null}},{"start":{},"end":{}}],"line":20},"4":{"loc":{"start":{"line":27,"column":4},"end":{"line":27,"column":null}},"type":"cond-expr","locations":[{"start":{"line":27,"column":27},"end":{"line":27,"column":34}},{"start":{"line":27,"column":34},"end":{"line":27,"column":null}}],"line":27},"5":{"loc":{"start":{"line":38,"column":2},"end":{"line":38,"column":null}},"type":"if","locations":[{"start":{"line":38,"column":2},"end":{"line":38,"column":null}},{"start":{},"end":{}}],"line":38},"6":{"loc":{"start":{"line":52,"column":2},"end":{"line":52,"column":null}},"type":"if","locations":[{"start":{"line":52,"column":2},"end":{"line":52,"column":null}},{"start":{},"end":{}}],"line":52},"7":{"loc":{"start":{"line":66,"column":2},"end":{"line":66,"column":null}},"type":"if","locations":[{"start":{"line":66,"column":2},"end":{"line":66,"column":null}},{"start":{},"end":{}}],"line":66},"8":{"loc":{"start":{"line":79,"column":2},"end":{"line":79,"column":null}},"type":"if","locations":[{"start":{"line":79,"column":2},"end":{"line":79,"column":null}},{"start":{},"end":{}}],"line":79},"9":{"loc":{"start":{"line":79,"column":6},"end":{"line":79,"column":47}},"type":"binary-expr","locations":[{"start":{"line":79,"column":6},"end":{"line":79,"column":30}},{"start":{"line":79,"column":30},"end":{"line":79,"column":47}}],"line":79},"10":{"loc":{"start":{"line":91,"column":2},"end":{"line":91,"column":null}},"type":"if","locations":[{"start":{"line":91,"column":2},"end":{"line":91,"column":null}},{"start":{},"end":{}}],"line":91},"11":{"loc":{"start":{"line":91,"column":6},"end":{"line":91,"column":41}},"type":"binary-expr","locations":[{"start":{"line":91,"column":6},"end":{"line":91,"column":27}},{"start":{"line":91,"column":27},"end":{"line":91,"column":41}}],"line":91},"12":{"loc":{"start":{"line":100,"column":2},"end":{"line":100,"column":null}},"type":"if","locations":[{"start":{"line":100,"column":2},"end":{"line":100,"column":null}},{"start":{},"end":{}}],"line":100},"13":{"loc":{"start":{"line":139,"column":9},"end":{"line":139,"column":null}},"type":"binary-expr","locations":[{"start":{"line":139,"column":9},"end":{"line":139,"column":41}},{"start":{"line":139,"column":41},"end":{"line":139,"column":null}}],"line":139},"14":{"loc":{"start":{"line":157,"column":9},"end":{"line":157,"column":null}},"type":"binary-expr","locations":[{"start":{"line":157,"column":9},"end":{"line":157,"column":24}},{"start":{"line":157,"column":24},"end":{"line":157,"column":null}}],"line":157},"15":{"loc":{"start":{"line":182,"column":9},"end":{"line":182,"column":null}},"type":"binary-expr","locations":[{"start":{"line":182,"column":9},"end":{"line":182,"column":43}},{"start":{"line":182,"column":43},"end":{"line":182,"column":null}}],"line":182}},"s":{"0":16,"1":7,"2":9,"3":9,"4":4,"5":5,"6":5,"7":5,"8":3,"9":0,"10":9,"11":0,"12":5,"13":5,"14":3,"15":2,"16":2,"17":0,"18":6,"19":6,"20":4,"21":2,"22":2,"23":0,"24":5,"25":5,"26":3,"27":2,"28":2,"29":0,"30":4,"31":1,"32":3,"33":24,"34":1,"35":23,"36":4,"37":3,"38":1,"39":10,"40":10,"41":8,"42":8,"43":12,"44":12},"f":{"0":16,"1":5,"2":6,"3":5,"4":4,"5":24,"6":4,"7":10,"8":8,"9":12},"b":{"0":[7,9],"1":[4,5],"2":[5,0],"3":[3,2],"4":[6,3],"5":[3,2],"6":[4,2],"7":[3,2],"8":[1,3],"9":[4,3],"10":[1,23],"11":[24,23],"12":[3,1],"13":[10,1],"14":[8,1],"15":[12,1]},"meta":{"lastBranch":16,"lastFunction":10,"lastStatement":45,"seen":{"f:7:9:7:23":0,"b:8:2:8:Infinity:undefined:undefined:undefined:undefined":0,"s:8:2:8:Infinity":0,"s:8:18:8:Infinity":1,"s:10:2:30:Infinity":2,"b:13:4:25:Infinity:15:4:25:Infinity":1,"s:13:4:25:Infinity":3,"s:14:6:14:Infinity":4,"b:15:4:25:Infinity:23:11:25:Infinity":2,"s:15:4:25:Infinity":5,"s:17:6:17:Infinity":6,"b:20:6:22:Infinity:undefined:undefined:undefined:undefined":3,"s:20:6:22:Infinity":7,"s:21:8:21:Infinity":8,"s:24:6:24:Infinity":9,"s:27:4:27:Infinity":10,"b:27:27:27:34:27:34:27:Infinity":4,"s:29:4:29:Infinity":11,"f:36:16:36:27":1,"s:37:15:37:Infinity":12,"b:38:2:38:Infinity:undefined:undefined:undefined:undefined":5,"s:38:2:38:Infinity":13,"s:38:13:38:Infinity":14,"s:40:2:44:Infinity":15,"s:41:4:41:Infinity":16,"s:43:4:43:Infinity":17,"f:50:16:50:31":2,"s:51:15:51:Infinity":18,"b:52:2:52:Infinity:undefined:undefined:undefined:undefined":6,"s:52:2:52:Infinity":19,"s:52:13:52:Infinity":20,"s:54:2:58:Infinity":21,"s:55:4:55:Infinity":22,"s:57:4:57:Infinity":23,"f:64:16:64:31":3,"s:65:15:65:Infinity":24,"b:66:2:66:Infinity:undefined:undefined:undefined:undefined":7,"s:66:2:66:Infinity":25,"s:66:13:66:Infinity":26,"s:68:2:72:Infinity":27,"s:69:4:69:Infinity":28,"s:71:4:71:Infinity":29,"f:78:16:78:31":4,"b:79:2:79:Infinity:undefined:undefined:undefined:undefined":8,"s:79:2:79:Infinity":30,"b:79:6:79:30:79:30:79:47":9,"s:79:47:79:Infinity":31,"s:81:2:84:Infinity":32,"f:90:16:90:29":5,"b:91:2:91:Infinity:undefined:undefined:undefined:undefined":10,"s:91:2:91:Infinity":33,"b:91:6:91:27:91:27:91:41":11,"s:91:41:91:Infinity":34,"s:93:2:93:Infinity":35,"f:99:16:99:25":6,"b:100:2:100:Infinity:undefined:undefined:undefined:undefined":12,"s:100:2:100:Infinity":36,"s:100:32:100:Infinity":37,"s:101:2:101:Infinity":38,"f:107:16:107:31":7,"s:108:41:137:Infinity":39,"s:139:2:139:Infinity":40,"b:139:9:139:41:139:41:139:Infinity":13,"f:145:16:145:31":8,"s:146:40:155:Infinity":41,"s:157:2:157:Infinity":42,"b:157:9:157:24:157:24:157:Infinity":14,"f:163:16:163:33":9,"s:164:43:180:Infinity":43,"s:182:2:182:Infinity":44,"b:182:9:182:43:182:43:182:Infinity":15}}}
}
